Arguments: 
  C:\Program Files\nodejs\node.exe C:\Program Files (x86)\Yarn\bin\yarn.js add echarts

PATH: 
  C:\Users\Administrator\bin;C:\Program Files\Git\mingw64\bin;C:\Program Files\Git\usr\local\bin;C:\Program Files\Git\usr\bin;C:\Program Files\Git\usr\bin;C:\Program Files\Git\mingw64\bin;C:\Program Files\Git\usr\bin;C:\Users\Administrator\bin;C:\windows\system32;C:\windows;C:\windows\System32\Wbem;C:\windows\System32\WindowsPowerShell\v1.0;C:\windows\System32\OpenSSH;C:\Program Files (x86)\Intel\Intel(R) Management Engine Components\DAL;C:\Program Files\Intel\Intel(R) Management Engine Components\DAL;C:\Program Files (x86)\NVIDIA Corporation\PhysX\Common;C:\Program Files\NVIDIA Corporation\NVIDIA NvDLISR;C:\Program Files\MongoDB\Server\4.4\bin;C:\Program Files (x86)\Yarn\bin;C:\Users\Administrator\AppData\Roaming\nvm;C:\Program Files\nodejs;%USERPROFILE%\AppData\Local\Microsoft\WindowsApps;D:\Microsoft VS Code\bin;C:\Users\Administrator\AppData\Local\Yarn\bin;%NVM_HOME%;%NVM_SYMLINK%;D:\qqGAME\Hall.57938;C:\Program Files\Git\usr\bin\vendor_perl;C:\Program Files\Git\usr\bin\core_perl

Yarn version: 
  1.22.18

Node version: 
  16.13.0

Platform: 
  win32 x64

Trace: 
  Error: connect ETIMEDOUT 104.16.0.35:443
      at TCPConnectWrap.afterConnect [as oncomplete] (node:net:1161:16)

npm manifest: 
  {
    "name": "sky-web-nuxt",
    "private": true,
    "packageManager": "pnpm@7.9.0",
    "scripts": {
      "build": "nuxi build",
      "dev": "nuxi dev",
      "start": "node .output/server/index.mjs",
      "lint": "eslint .",
      "postinstall": "nuxi prepare",
      "generate": "nuxi generate"
    },
    "dependencies": {
      "animejs": "^3.2.1",
      "mitt": "^3.0.0",
      "node-fetch-native": "^1.0.2",
      "swiper": "^9.0.5"
    },
    "devDependencies": {
      "@antfu/eslint-config": "^0.35.1",
      "@element-plus/nuxt": "^1.0.3",
      "@iconify-json/carbon": "^1.1.14",
      "@iconify-json/twemoji": "^1.1.10",
      "@nuxtjs/color-mode": "^3.2.0",
      "@pinia/nuxt": "^0.4.6",
      "@types/animejs": "^3.1.7",
      "@unocss/nuxt": "^0.49.4",
      "@vueuse/nuxt": "^9.12.0",
      "eslint": "^8.33.0",
      "nuxt": "^3.1.2",
      "pinia": "^2.0.30",
      "sass": "^1.58.0",
      "typescript": "^4.9.5"
    }
  }

yarn manifest: 
  No manifest

Lockfile: 
  No lockfile
